<?xml version="1.0" encoding="UTF-8"?>
<!-- Generated by org.testng.reporters.JUnitXMLReporter -->
<testsuite hostname="x13" ignored="1" name="Test" tests="4" failures="2" timestamp="01 Oct 2024 09:19:51 GMT" time="0.063" errors="0">
  <testcase name="test01" time="0.013" classname="org.test.ClassA"/>
  <testcase name="test03" time="0.001" classname="org.test.ClassA"/>
  <testcase name="test04" time="0.002" classname="org.test.ClassA">
    <failure type="java.lang.ArithmeticException" message="/ by zero">
      <![CDATA[java.lang.ArithmeticException: / by zero
at org.test.ClassA.test04(ClassA.java:22)
... Removed 25 stack frames]]>
    </failure>
  </testcase> <!-- test04 -->
  <testcase name="test05" time="0.0" classname="org.test.ClassA">
    <failure type="java.lang.ArithmeticException" message="/ by zero">
      <![CDATA[java.lang.ArithmeticException: / by zero
at org.test.ClassA.test05(ClassA.java:28)
... Removed 25 stack frames]]>
    </failure>
  </testcase> <!-- test05 -->
  <testcase name="test02" time="0.0" classname="org.test.ClassA">
    <ignored/>
  </testcase> <!-- test02 -->
</testsuite> <!-- Test -->
