<?xml version="1.0" encoding="UTF-8"?>
<!-- Generated by org.testng.reporters.JUnitXMLReporter -->
<testsuite hostname="x13" ignored="3" name="Test(failed)" tests="2" failures="0" timestamp="01 Oct 2024 09:20:51 GMT" time="0.078" errors="0">
  <testcase name="test05" time="0.021" classname="org.test.ClassA"/>
  <testcase name="test04" time="0.009" classname="org.test.ClassA"/>
  <testcase name="test01" time="0.0" classname="org.test.ClassA">
    <ignored/>
  </testcase> <!-- test01 -->
  <testcase name="test03" time="0.0" classname="org.test.ClassA">
    <ignored/>
  </testcase> <!-- test03 -->
  <testcase name="test02" time="0.0" classname="org.test.ClassA">
    <ignored/>
  </testcase> <!-- test02 -->
</testsuite> <!-- Test(failed) -->
