<?xml version="1.0" encoding="UTF-8"?>
<testng-results skipped="0" failed="0" ignored="3" total="5" passed="2">
  <reporter-output>
  </reporter-output>
  <suite name="Failed suite [Suite]" duration-ms="78" started-at="2024-10-01T09:20:50Z" finished-at="2024-10-01T09:20:50Z">
    <groups>
      <group name="smoke">
        <method signature="ClassA.test04()[pri:0, instance:org.test.ClassA@490ab905]" name="test04" class="org.test.ClassA"/>
        <method signature="ClassA.test05()[pri:0, instance:org.test.ClassA@490ab905]" name="test05" class="org.test.ClassA"/>
      </group> <!-- smoke -->
    </groups>
    <test name="Test(failed)" duration-ms="78" started-at="2024-10-01T09:20:50Z" finished-at="2024-10-01T09:20:50Z">
      <class name="org.test.ClassA">
        <test-method status="PASS" signature="test05()[pri:0, instance:org.test.ClassA@490ab905]" name="test05" duration-ms="21" started-at="2024-10-01T09:20:50Z" finished-at="2024-10-01T09:20:50Z">
          <reporter-output>
          </reporter-output>
        </test-method> <!-- test05 -->
        <test-method status="PASS" signature="test04()[pri:0, instance:org.test.ClassA@490ab905]" name="test04" duration-ms="9" started-at="2024-10-01T09:20:50Z" finished-at="2024-10-01T09:20:50Z">
          <reporter-output>
          </reporter-output>
        </test-method> <!-- test04 -->
      </class> <!-- org.test.ClassA -->
    </test> <!-- Test(failed) -->
  </suite> <!-- Failed suite [Suite] -->
</testng-results>
